<?xml version="1.0" encoding="UTF-8"?>
<!-- Generated by org.testng.reporters.JUnitReportReporter -->
<testsuite hostname="THULASILING" failures="0" tests="4" name="com.trello.testscripts.TrelloTestScripts" time="54.288" errors="0" timestamp="2025-04-23T19:00:11 IST" skipped="0">
  <testcase classname="com.trello.testscripts.TrelloTestScripts" name="addNewList" time="6.505">
    <system-out>
      <![CDATA[List has been added Successfully...]]>
    </system-out>
  </testcase> <!-- addNewList -->
  <testcase classname="com.trello.testscripts.TrelloTestScripts" name="listSort" time="11.962">
    <system-out>
      <![CDATA[Lists has been Sorted Successfully...]]>
    </system-out>
  </testcase> <!-- listSort -->
  <testcase classname="com.trello.testscripts.TrelloTestScripts" name="loginIntoYourAtlassainAccount" time="9.126">
    <system-out>
      <![CDATA[Trello Launch page has been Displayed...
Login To Continue page has been Displayed...
Login Into your Account is Successful...]]>
    </system-out>
  </testcase> <!-- loginIntoYourAtlassainAccount -->
  <testcase classname="com.trello.testscripts.TrelloTestScripts" name="CreateNewBoard" time="26.695">
    <system-out>
      <![CDATA[Boards has been Created Successfully]]>
    </system-out>
  </testcase> <!-- CreateNewBoard -->
  <system-out>
    <![CDATA[Trello Launch page has been Displayed...
Login To Continue page has been Displayed...
Login Into your Account is Successful...
Boards has been Created Successfully
List has been added Successfully...
Lists has been Sorted Successfully...]]>
  </system-out>
</testsuite> <!-- com.trello.testscripts.TrelloTestScripts -->
