<?xml version="1.0" encoding="UTF-8"?>
<!-- Generated by org.testng.reporters.JUnitReportReporter -->
<testsuite hostname="THULASILING" failures="0" tests="7" name="com.trello.testscripts.TrelloTestScripts" time="141.391" errors="0" timestamp="2025-04-23T16:44:27 IST" skipped="0">
  <testcase classname="com.trello.testscripts.TrelloTestScripts" name="loginIntoYourAtlassainAccount" time="7.551">
    <system-out>
      <![CDATA[Trello Launch page has been Displayed...
Login To Continue page has been Displayed...
Login Into your Account is Successful...]]>
    </system-out>
  </testcase> <!-- loginIntoYourAtlassainAccount -->
  <testcase classname="com.trello.testscripts.TrelloTestScripts" name="CreateNewBoard" time="37.725">
    <system-out>
      <![CDATA[Boards has been Created Successfully]]>
    </system-out>
  </testcase> <!-- CreateNewBoard -->
  <testcase classname="com.trello.testscripts.TrelloTestScripts" name="addNewList" time="6.989">
    <system-out>
      <![CDATA[List has been added Successfully...]]>
    </system-out>
  </testcase> <!-- addNewList -->
  <testcase classname="com.trello.testscripts.TrelloTestScripts" name="listSort" time="12.970"/>
  <testcase classname="com.trello.testscripts.TrelloTestScripts" name="closeBoard" time="17.023">
    <system-out>
      <![CDATA[Boards has been Closed Successfully...]]>
    </system-out>
  </testcase> <!-- closeBoard -->
  <testcase classname="com.trello.testscripts.TrelloTestScripts" name="permanentlyCloseBoard" time="56.385">
    <system-out>
      <![CDATA[Boards has been Deleted Successfully...]]>
    </system-out>
  </testcase> <!-- permanentlyCloseBoard -->
  <testcase classname="com.trello.testscripts.TrelloTestScripts" name="logoutFromYourAtlassainAccount" time="2.748">
    <system-out>
      <![CDATA[Trello Boards page is Displayed
Your Trello|Atlassaian Account logout is Successful]]>
    </system-out>
  </testcase> <!-- logoutFromYourAtlassainAccount -->
  <system-out>
    <![CDATA[Trello Launch page has been Displayed...
Login To Continue page has been Displayed...
Login Into your Account is Successful...
Boards has been Created Successfully
List has been added Successfully...
Boards has been Closed Successfully...
Boards has been Deleted Successfully...
Trello Boards page is Displayed
Your Trello|Atlassaian Account logout is Successful]]>
  </system-out>
</testsuite> <!-- com.trello.testscripts.TrelloTestScripts -->
