<?xml version="1.0" encoding="UTF-8"?>
<!-- Generated by org.testng.reporters.JUnitReportReporter -->
<testsuite hostname="THULASILING" failures="0" tests="5" name="trello.TrelloScripts" time="100.373" errors="0" timestamp="2025-04-07T20:57:10 IST" skipped="0">
  <testcase classname="trello.TrelloScripts" name="loginToYourAtlassianAccount" time="2.930"/>
  <testcase classname="trello.TrelloScripts" name="createNewBoard" time="44.104"/>
  <testcase classname="trello.TrelloScripts" name="createNewList" time="31.028"/>
  <testcase classname="trello.TrelloScripts" name="CloseAnUserBoard" time="2.054"/>
  <testcase classname="trello.TrelloScripts" name="permanentlyDeleteAnUserBoard" time="20.257"/>
</testsuite> <!-- trello.TrelloScripts -->
