<?xml version="1.0" encoding="UTF-8"?>
<!-- Generated by org.testng.reporters.JUnitReportReporter -->
<testsuite hostname="THULASILING" failures="0" tests="5" name="trello.TrelloExecutor" time="113.724" errors="0" timestamp="2025-04-07T19:52:28 IST" skipped="0">
  <testcase classname="trello.TrelloExecutor" name="createNewBoard" time="40.564"/>
  <testcase classname="trello.TrelloExecutor" name="permanentlyDeleteAnUserBoard" time="18.653"/>
  <testcase classname="trello.TrelloExecutor" name="loginToYourAtlassianAccount" time="5.359"/>
  <testcase classname="trello.TrelloExecutor" name="createNewList" time="26.556"/>
  <testcase classname="trello.TrelloExecutor" name="CloseAnUserBoard" time="22.592"/>
</testsuite> <!-- trello.TrelloExecutor -->
