<?xml version="1.0" encoding="UTF-8"?>
<!-- Generated by org.testng.reporters.JUnitReportReporter -->
<testsuite hostname="THULASILING" failures="0" tests="4" name="com.trello.testscripts.TrelloTestScripts" time="65.559" errors="0" timestamp="2025-04-21T19:53:29 IST" skipped="0">
  <testcase classname="com.trello.testscripts.TrelloTestScripts" name="loginIntoYourAtlassainAccount" time="10.833">
    <system-out>
      <![CDATA[Trello Launch page has been Displayed...
Login To Continue page has been Displayed...
Login Into your Account is Successful...]]>
    </system-out>
  </testcase> <!-- loginIntoYourAtlassainAccount -->
  <testcase classname="com.trello.testscripts.TrelloTestScripts" name="addNewList" time="6.643">
    <system-out>
      <![CDATA[List has been added Successfully...]]>
    </system-out>
  </testcase> <!-- addNewList -->
  <testcase classname="com.trello.testscripts.TrelloTestScripts" name="listGame" time="45.379"/>
  <testcase classname="com.trello.testscripts.TrelloTestScripts" name="logoutFromYourAtlassainAccount" time="2.704">
    <system-out>
      <![CDATA[Trello Boards page is Displayed
Your Trello|Atlassaian Account logout is Successful]]>
    </system-out>
  </testcase> <!-- logoutFromYourAtlassainAccount -->
  <system-out>
    <![CDATA[Trello Launch page has been Displayed...
Login To Continue page has been Displayed...
Login Into your Account is Successful...
List has been added Successfully...
Trello Boards page is Displayed
Your Trello|Atlassaian Account logout is Successful]]>
  </system-out>
</testsuite> <!-- com.trello.testscripts.TrelloTestScripts -->
