<?xml version="1.0" encoding="UTF-8"?>
<!-- Generated by org.testng.reporters.JUnitReportReporter -->
<testsuite hostname="THULASILING" failures="0" tests="1" name="com.trello.testscripts.TrelloLoginModule" time="11.372" errors="0" timestamp="2025-04-08T16:43:29 IST" skipped="0">
  <testcase classname="com.trello.testscripts.TrelloLoginModule" name="loginIntoYourAtlassainAccount" time="11.372">
    <system-out>
      <![CDATA[Pass: Trello Launch page has been Displayed...
Pass: Login To Continue page has been Displayed...
Pass: Login Into your Account is Successful...]]>
    </system-out>
  </testcase> <!-- loginIntoYourAtlassainAccount -->
  <system-out>
    <![CDATA[Pass: Trello Launch page has been Displayed...
Pass: Login To Continue page has been Displayed...
Pass: Login Into your Account is Successful...]]>
  </system-out>
</testsuite> <!-- com.trello.testscripts.TrelloLoginModule -->
