<?xml version="1.0" encoding="UTF-8"?>
<!-- Generated by org.testng.reporters.JUnitReportReporter -->
<testsuite hostname="THULASILING" failures="0" tests="7" name="com.trello.testscripts.TrelloTestScripts" time="126.986" errors="0" timestamp="2025-04-23T23:37:01 IST" skipped="0">
  <testcase classname="com.trello.testscripts.TrelloTestScripts" name="closeBoard" time="17.695">
    <system-out>
      <![CDATA[Boards has been Closed Successfully...]]>
    </system-out>
  </testcase> <!-- closeBoard -->
  <testcase classname="com.trello.testscripts.TrelloTestScripts" name="permanentlyCloseBoard" time="44.141">
    <system-out>
      <![CDATA[Boards has been Deleted Successfully...]]>
    </system-out>
  </testcase> <!-- permanentlyCloseBoard -->
  <testcase classname="com.trello.testscripts.TrelloTestScripts" name="CreateNewBoard" time="33.998">
    <system-out>
      <![CDATA[Boards has been Created Successfully]]>
    </system-out>
  </testcase> <!-- CreateNewBoard -->
  <testcase classname="com.trello.testscripts.TrelloTestScripts" name="logoutFromYourAtlassainAccount" time="2.446">
    <system-out>
      <![CDATA[Trello Boards page is Displayed
Your Trello|Atlassaian Account logout is Successful]]>
    </system-out>
  </testcase> <!-- logoutFromYourAtlassainAccount -->
  <testcase classname="com.trello.testscripts.TrelloTestScripts" name="loginIntoYourAtlassainAccount" time="7.723">
    <system-out>
      <![CDATA[Trello Launch page has been Displayed...
Login To Continue page has been Displayed...
Login Into your Account is Successful...]]>
    </system-out>
  </testcase> <!-- loginIntoYourAtlassainAccount -->
  <testcase classname="com.trello.testscripts.TrelloTestScripts" name="listSort" time="13.384">
    <system-out>
      <![CDATA[Lists has been Sorted Successfully...]]>
    </system-out>
  </testcase> <!-- listSort -->
  <testcase classname="com.trello.testscripts.TrelloTestScripts" name="addNewList" time="7.599">
    <system-out>
      <![CDATA[List has been added Successfully...]]>
    </system-out>
  </testcase> <!-- addNewList -->
  <system-out>
    <![CDATA[Trello Launch page has been Displayed...
Login To Continue page has been Displayed...
Login Into your Account is Successful...
Boards has been Created Successfully
List has been added Successfully...
Lists has been Sorted Successfully...
Boards has been Closed Successfully...
Boards has been Deleted Successfully...
Trello Boards page is Displayed
Your Trello|Atlassaian Account logout is Successful]]>
  </system-out>
</testsuite> <!-- com.trello.testscripts.TrelloTestScripts -->
