<?xml version="1.0" encoding="UTF-8"?>
<!-- Generated by org.testng.reporters.JUnitReportReporter -->
<testsuite hostname="THULASILING" failures="0" tests="3" name="trello.PracticeWebElement" time="65.346" errors="0" timestamp="2025-03-27T17:17:02 IST" skipped="0">
  <testcase classname="trello.PracticeWebElement" name="launchPage" time="2.293"/>
  <testcase classname="trello.PracticeWebElement" name="loginToYourAtlassianAccount" time="8.107"/>
  <testcase classname="trello.PracticeWebElement" name="homePageInteraction" time="54.946"/>
</testsuite> <!-- trello.PracticeWebElement -->
